# JRE version: Java(TM) SE Runtime Environment (8.0_231-b11) (build 1.8.0_231-b11)
# Java VM: Java HotSpot(TM) 64-Bit Server VM (25.231-b11 mixed mode windows-amd64 compressed oops)
Heap:
 PSYoungGen      total 48640K, used 28205K [0x00000000eb180000, 0x00000000ef380000, 0x0000000100000000)
  eden space 43008K, 52% used [0x00000000eb180000,0x00000000ec78dc88,0x00000000edb80000)
  from space 5632K, 99% used [0x00000000eee00000,0x00000000ef37d798,0x00000000ef380000)
  to   space 5632K, 0% used [0x00000000edb80000,0x00000000edb80000,0x00000000ee100000)
 ParOldGen       total 36352K, used 15224K [0x00000000c1400000, 0x00000000c3780000, 0x00000000eb180000)
  object space 36352K, 41% used [0x00000000c1400000,0x00000000c22de070,0x00000000c3780000)
 Metaspace       used 33266K, capacity 35335K, committed 35496K, reserved 1079296K
  class space    used 4645K, capacity 5027K, committed 5032K, reserved 1048576K
GC Heap History (10 events):
Event: 7.693 GC heap before
{Heap before GC invocations=9 (full 1):
 PSYoungGen      total 35328K, used 2553K [0x00000000eb180000, 0x00000000ed680000, 0x0000000100000000)
  eden space 32768K, 0% used [0x00000000eb180000,0x00000000eb180000,0x00000000ed180000)
  from space 2560K, 99% used [0x00000000ed400000,0x00000000ed67e4c0,0x00000000ed680000)
  to   space 2560K, 0% used [0x00000000ed180000,0x00000000ed180000,0x00000000ed400000)
 ParOldGen       total 44032K, used 13649K [0x00000000c1400000, 0x00000000c3f00000, 0x00000000eb180000)
  object space 44032K, 30% used [0x00000000c1400000,0x00000000c2154790,0x00000000c3f00000)
 Metaspace       used 20202K, capacity 21126K, committed 21296K, reserved 1067008K
  class space    used 2706K, capacity 2913K, committed 2944K, reserved 1048576K
Event: 7.837 GC heap after
Heap after GC invocations=9 (full 1):
 PSYoungGen      total 35328K, used 0K [0x00000000eb180000, 0x00000000ed680000, 0x0000000100000000)
  eden space 32768K, 0% used [0x00000000eb180000,0x00000000eb180000,0x00000000ed180000)
  from space 2560K, 0% used [0x00000000ed400000,0x00000000ed400000,0x00000000ed680000)
  to   space 2560K, 0% used [0x00000000ed180000,0x00000000ed180000,0x00000000ed400000)
 ParOldGen       total 36352K, used 9096K [0x00000000c1400000, 0x00000000c3780000, 0x00000000eb180000)
  object space 36352K, 25% used [0x00000000c1400000,0x00000000c1ce2028,0x00000000c3780000)
 Metaspace       used 20201K, capacity 21120K, committed 21296K, reserved 1067008K
  class space    used 2705K, capacity 2912K, committed 2944K, reserved 1048576K
}
Event: 9.865 GC heap before
{Heap before GC invocations=10 (full 1):
 PSYoungGen      total 35328K, used 32768K [0x00000000eb180000, 0x00000000ed680000, 0x0000000100000000)
  eden space 32768K, 100% used [0x00000000eb180000,0x00000000ed180000,0x00000000ed180000)
  from space 2560K, 0% used [0x00000000ed400000,0x00000000ed400000,0x00000000ed680000)
  to   space 2560K, 0% used [0x00000000ed180000,0x00000000ed180000,0x00000000ed400000)
 ParOldGen       total 36352K, used 9096K [0x00000000c1400000, 0x00000000c3780000, 0x00000000eb180000)
  object space 36352K, 25% used [0x00000000c1400000,0x00000000c1ce2028,0x00000000c3780000)
 Metaspace       used 23295K, capacity 24568K, committed 24832K, reserved 1071104K
  class space    used 3183K, capacity 3462K, committed 3584K, reserved 1048576K
Event: 9.883 GC heap after
Heap after GC invocations=10 (full 1):
 PSYoungGen      total 35328K, used 2553K [0x00000000eb180000, 0x00000000ee680000, 0x0000000100000000)
  eden space 32768K, 0% used [0x00000000eb180000,0x00000000eb180000,0x00000000ed180000)
  from space 2560K, 99% used [0x00000000ed180000,0x00000000ed3fe720,0x00000000ed400000)
  to   space 5632K, 0% used [0x00000000ee100000,0x00000000ee100000,0x00000000ee680000)
 ParOldGen       total 36352K, used 11163K [0x00000000c1400000, 0x00000000c3780000, 0x00000000eb180000)
  object space 36352K, 30% used [0x00000000c1400000,0x00000000c1ee6fa0,0x00000000c3780000)
 Metaspace       used 23295K, capacity 24568K, committed 24832K, reserved 1071104K
  class space    used 3183K, capacity 3462K, committed 3584K, reserved 1048576K
}
Event: 11.434 GC heap before
{Heap before GC invocations=11 (full 1):
 PSYoungGen      total 35328K, used 35292K [0x00000000eb180000, 0x00000000ee680000, 0x0000000100000000)
  eden space 32768K, 99% used [0x00000000eb180000,0x00000000ed178a20,0x00000000ed180000)
  from space 2560K, 99% used [0x00000000ed180000,0x00000000ed3fe720,0x00000000ed400000)
  to   space 5632K, 0% used [0x00000000ee100000,0x00000000ee100000,0x00000000ee680000)
 ParOldGen       total 36352K, used 11163K [0x00000000c1400000, 0x00000000c3780000, 0x00000000eb180000)
  object space 36352K, 30% used [0x00000000c1400000,0x00000000c1ee6fa0,0x00000000c3780000)
 Metaspace       used 25394K, capacity 27006K, committed 27392K, reserved 1073152K
  class space    used 3454K, capacity 3751K, committed 3840K, reserved 1048576K
Event: 11.455 GC heap after
Heap after GC invocations=11 (full 1):
 PSYoungGen      total 48640K, used 5222K [0x00000000eb180000, 0x00000000ee680000, 0x0000000100000000)
  eden space 43008K, 0% used [0x00000000eb180000,0x00000000eb180000,0x00000000edb80000)
  from space 5632K, 92% used [0x00000000ee100000,0x00000000ee619a20,0x00000000ee680000)
  to   space 5632K, 0% used [0x00000000edb80000,0x00000000edb80000,0x00000000ee100000)
 ParOldGen       total 36352K, used 11171K [0x00000000c1400000, 0x00000000c3780000, 0x00000000eb180000)
  object space 36352K, 30% used [0x00000000c1400000,0x00000000c1ee8fa0,0x00000000c3780000)
 Metaspace       used 25394K, capacity 27006K, committed 27392K, reserved 1073152K
  class space    used 3454K, capacity 3751K, committed 3840K, reserved 1048576K
}
Event: 12.805 GC heap before
{Heap before GC invocations=12 (full 1):
 PSYoungGen      total 48640K, used 48230K [0x00000000eb180000, 0x00000000ee680000, 0x0000000100000000)
  eden space 43008K, 100% used [0x00000000eb180000,0x00000000edb80000,0x00000000edb80000)
  from space 5632K, 92% used [0x00000000ee100000,0x00000000ee619a20,0x00000000ee680000)
  to   space 5632K, 0% used [0x00000000edb80000,0x00000000edb80000,0x00000000ee100000)
 ParOldGen       total 36352K, used 11171K [0x00000000c1400000, 0x00000000c3780000, 0x00000000eb180000)
  object space 36352K, 30% used [0x00000000c1400000,0x00000000c1ee8fa0,0x00000000c3780000)
 Metaspace       used 27495K, capacity 29204K, committed 29440K, reserved 1075200K
  class space    used 3752K, capacity 4080K, committed 4096K, reserved 1048576K
Event: 12.831 GC heap after
Heap after GC invocations=12 (full 1):
 PSYoungGen      total 48640K, used 3956K [0x00000000eb180000, 0x00000000ef380000, 0x0000000100000000)
  eden space 43008K, 0% used [0x00000000eb180000,0x00000000eb180000,0x00000000edb80000)
  from space 5632K, 70% used [0x00000000edb80000,0x00000000edf5d2f8,0x00000000ee100000)
  to   space 5632K, 0% used [0x00000000eee00000,0x00000000eee00000,0x00000000ef380000)
 ParOldGen       total 36352K, used 13091K [0x00000000c1400000, 0x00000000c3780000, 0x00000000eb180000)
  object space 36352K, 36% used [0x00000000c1400000,0x00000000c20c8fc0,0x00000000c3780000)
 Metaspace       used 27495K, capacity 29204K, committed 29440K, reserved 1075200K
  class space    used 3752K, capacity 4080K, committed 4096K, reserved 1048576K
}
Event: 14.398 GC heap before
{Heap before GC invocations=13 (full 1):
 PSYoungGen      total 48640K, used 46964K [0x00000000eb180000, 0x00000000ef380000, 0x0000000100000000)
  eden space 43008K, 100% used [0x00000000eb180000,0x00000000edb80000,0x00000000edb80000)
  from space 5632K, 70% used [0x00000000edb80000,0x00000000edf5d2f8,0x00000000ee100000)
  to   space 5632K, 0% used [0x00000000eee00000,0x00000000eee00000,0x00000000ef380000)
 ParOldGen       total 36352K, used 13091K [0x00000000c1400000, 0x00000000c3780000, 0x00000000eb180000)
  object space 36352K, 36% used [0x00000000c1400000,0x00000000c20c8fc0,0x00000000c3780000)
 Metaspace       used 31440K, capacity 33434K, committed 33664K, reserved 1079296K
  class space    used 4334K, capacity 4695K, committed 4736K, reserved 1048576K
Event: 14.429 GC heap after
Heap after GC invocations=13 (full 1):
 PSYoungGen      total 48640K, used 5621K [0x00000000eb180000, 0x00000000ef380000, 0x0000000100000000)
  eden space 43008K, 0% used [0x00000000eb180000,0x00000000eb180000,0x00000000edb80000)
  from space 5632K, 99% used [0x00000000eee00000,0x00000000ef37d798,0x00000000ef380000)
  to   space 5632K, 0% used [0x00000000edb80000,0x00000000edb80000,0x00000000ee100000)
 ParOldGen       total 36352K, used 15224K [0x00000000c1400000, 0x00000000c3780000, 0x00000000eb180000)
  object space 36352K, 41% used [0x00000000c1400000,0x00000000c22de070,0x00000000c3780000)
 Metaspace       used 31440K, capacity 33434K, committed 33664K, reserved 1079296K
  class space    used 4334K, capacity 4695K, committed 4736K, reserved 1048576K
}

