# JRE version: Java(TM) SE Runtime Environment (8.0_231-b11) (build 1.8.0_231-b11)
# Java VM: Java HotSpot(TM) 64-Bit Server VM (25.231-b11 mixed mode windows-amd64 compressed oops)
Heap:
 PSYoungGen      total 153088K, used 5534K [0x00000000eab00000, 0x00000000f5580000, 0x0000000100000000)
  eden space 131584K, 4% used [0x00000000eab00000,0x00000000eb067bc8,0x00000000f2b80000)
  from space 21504K, 0% used [0x00000000f4080000,0x00000000f4080000,0x00000000f5580000)
  to   space 21504K, 0% used [0x00000000f2b80000,0x00000000f2bb4470,0x00000000f4080000)
 ParOldGen       total 349696K, used 20367K [0x00000000c0000000, 0x00000000d5580000, 0x00000000eab00000)
  object space 349696K, 5% used [0x00000000c0000000,0x00000000c13e3df0,0x00000000d5580000)
 Metaspace       used 39673K, capacity 41878K, committed 41984K, reserved 1095680K
  class space    used 5436K, capacity 5842K, committed 5888K, reserved 1048576K
GC Heap History (10 events):
Event: 13.549 GC heap after
Heap after GC invocations=5 (full 1):
 PSYoungGen      total 153088K, used 12086K [0x00000000eab00000, 0x00000000f5580000, 0x0000000100000000)
  eden space 131584K, 0% used [0x00000000eab00000,0x00000000eab00000,0x00000000f2b80000)
  from space 21504K, 56% used [0x00000000f4080000,0x00000000f4c4d820,0x00000000f5580000)
  to   space 21504K, 0% used [0x00000000f2b80000,0x00000000f2b80000,0x00000000f4080000)
 ParOldGen       total 349696K, used 6641K [0x00000000c0000000, 0x00000000d5580000, 0x00000000eab00000)
  object space 349696K, 1% used [0x00000000c0000000,0x00000000c067c778,0x00000000d5580000)
 Metaspace       used 29177K, capacity 30956K, committed 31232K, reserved 1077248K
  class space    used 3936K, capacity 4264K, committed 4352K, reserved 1048576K
}
Event: 14.745 GC heap before
{Heap before GC invocations=6 (full 1):
 PSYoungGen      total 153088K, used 53389K [0x00000000eab00000, 0x00000000f5580000, 0x0000000100000000)
  eden space 131584K, 31% used [0x00000000eab00000,0x00000000ed355f70,0x00000000f2b80000)
  from space 21504K, 56% used [0x00000000f4080000,0x00000000f4c4d820,0x00000000f5580000)
  to   space 21504K, 0% used [0x00000000f2b80000,0x00000000f2b80000,0x00000000f4080000)
 ParOldGen       total 349696K, used 6641K [0x00000000c0000000, 0x00000000d5580000, 0x00000000eab00000)
  object space 349696K, 1% used [0x00000000c0000000,0x00000000c067c778,0x00000000d5580000)
 Metaspace       used 33234K, capacity 35294K, committed 35416K, reserved 1079296K
  class space    used 4656K, capacity 5042K, committed 5120K, reserved 1048576K
Event: 14.772 GC heap after
Heap after GC invocations=6 (full 1):
 PSYoungGen      total 153088K, used 10584K [0x00000000eab00000, 0x00000000f5580000, 0x0000000100000000)
  eden space 131584K, 0% used [0x00000000eab00000,0x00000000eab00000,0x00000000f2b80000)
  from space 21504K, 49% used [0x00000000f2b80000,0x00000000f35d6300,0x00000000f4080000)
  to   space 21504K, 0% used [0x00000000f4080000,0x00000000f4080000,0x00000000f5580000)
 ParOldGen       total 349696K, used 6649K [0x00000000c0000000, 0x00000000d5580000, 0x00000000eab00000)
  object space 349696K, 1% used [0x00000000c0000000,0x00000000c067e778,0x00000000d5580000)
 Metaspace       used 33234K, capacity 35294K, committed 35416K, reserved 1079296K
  class space    used 4656K, capacity 5042K, committed 5120K, reserved 1048576K
}
Event: 14.772 GC heap before
{Heap before GC invocations=7 (full 2):
 PSYoungGen      total 153088K, used 10584K [0x00000000eab00000, 0x00000000f5580000, 0x0000000100000000)
  eden space 131584K, 0% used [0x00000000eab00000,0x00000000eab00000,0x00000000f2b80000)
  from space 21504K, 49% used [0x00000000f2b80000,0x00000000f35d6300,0x00000000f4080000)
  to   space 21504K, 0% used [0x00000000f4080000,0x00000000f4080000,0x00000000f5580000)
 ParOldGen       total 349696K, used 6649K [0x00000000c0000000, 0x00000000d5580000, 0x00000000eab00000)
  object space 349696K, 1% used [0x00000000c0000000,0x00000000c067e778,0x00000000d5580000)
 Metaspace       used 33234K, capacity 35294K, committed 35416K, reserved 1079296K
  class space    used 4656K, capacity 5042K, committed 5120K, reserved 1048576K
Event: 15.105 GC heap after
Heap after GC invocations=7 (full 2):
 PSYoungGen      total 153088K, used 0K [0x00000000eab00000, 0x00000000f5580000, 0x0000000100000000)
  eden space 131584K, 0% used [0x00000000eab00000,0x00000000eab00000,0x00000000f2b80000)
  from space 21504K, 0% used [0x00000000f2b80000,0x00000000f2b80000,0x00000000f4080000)
  to   space 21504K, 0% used [0x00000000f4080000,0x00000000f4080000,0x00000000f5580000)
 ParOldGen       total 349696K, used 15870K [0x00000000c0000000, 0x00000000d5580000, 0x00000000eab00000)
  object space 349696K, 4% used [0x00000000c0000000,0x00000000c0f7fa00,0x00000000d5580000)
 Metaspace       used 33234K, capacity 35294K, committed 35416K, reserved 1079296K
  class space    used 4656K, capacity 5042K, committed 5120K, reserved 1048576K
}
Event: 18.769 GC heap before
{Heap before GC invocations=8 (full 2):
 PSYoungGen      total 153088K, used 46013K [0x00000000eab00000, 0x00000000f5580000, 0x0000000100000000)
  eden space 131584K, 34% used [0x00000000eab00000,0x00000000ed7ef410,0x00000000f2b80000)
  from space 21504K, 0% used [0x00000000f2b80000,0x00000000f2b80000,0x00000000f4080000)
  to   space 21504K, 0% used [0x00000000f4080000,0x00000000f4080000,0x00000000f5580000)
 ParOldGen       total 349696K, used 15870K [0x00000000c0000000, 0x00000000d5580000, 0x00000000eab00000)
  object space 349696K, 4% used [0x00000000c0000000,0x00000000c0f7fa00,0x00000000d5580000)
 Metaspace       used 39355K, capacity 41546K, committed 41728K, reserved 1089536K
  class space    used 5380K, capacity 5776K, committed 5888K, reserved 1048576K
Event: 18.800 GC heap after
Heap after GC invocations=8 (full 2):
 PSYoungGen      total 153088K, used 8223K [0x00000000eab00000, 0x00000000f5580000, 0x0000000100000000)
  eden space 131584K, 0% used [0x00000000eab00000,0x00000000eab00000,0x00000000f2b80000)
  from space 21504K, 38% used [0x00000000f4080000,0x00000000f4887db0,0x00000000f5580000)
  to   space 21504K, 0% used [0x00000000f2b80000,0x00000000f2b80000,0x00000000f4080000)
 ParOldGen       total 349696K, used 15886K [0x00000000c0000000, 0x00000000d5580000, 0x00000000eab00000)
  object space 349696K, 4% used [0x00000000c0000000,0x00000000c0f83a00,0x00000000d5580000)
 Metaspace       used 39355K, capacity 41546K, committed 41728K, reserved 1089536K
  class space    used 5380K, capacity 5776K, committed 5888K, reserved 1048576K
}
Event: 18.800 GC heap before
{Heap before GC invocations=9 (full 3):
 PSYoungGen      total 153088K, used 8223K [0x00000000eab00000, 0x00000000f5580000, 0x0000000100000000)
  eden space 131584K, 0% used [0x00000000eab00000,0x00000000eab00000,0x00000000f2b80000)
  from space 21504K, 38% used [0x00000000f4080000,0x00000000f4887db0,0x00000000f5580000)
  to   space 21504K, 0% used [0x00000000f2b80000,0x00000000f2b80000,0x00000000f4080000)
 ParOldGen       total 349696K, used 15886K [0x00000000c0000000, 0x00000000d5580000, 0x00000000eab00000)
  object space 349696K, 4% used [0x00000000c0000000,0x00000000c0f83a00,0x00000000d5580000)
 Metaspace       used 39355K, capacity 41546K, committed 41728K, reserved 1089536K
  class space    used 5380K, capacity 5776K, committed 5888K, reserved 1048576K
Event: 19.384 GC heap after
Heap after GC invocations=9 (full 3):
 PSYoungGen      total 153088K, used 0K [0x00000000eab00000, 0x00000000f5580000, 0x0000000100000000)
  eden space 131584K, 0% used [0x00000000eab00000,0x00000000eab00000,0x00000000f2b80000)
  from space 21504K, 0% used [0x00000000f4080000,0x00000000f4080000,0x00000000f5580000)
  to   space 21504K, 0% used [0x00000000f2b80000,0x00000000f2b80000,0x00000000f4080000)
 ParOldGen       total 349696K, used 20359K [0x00000000c0000000, 0x00000000d5580000, 0x00000000eab00000)
  object space 349696K, 5% used [0x00000000c0000000,0x00000000c13e1df0,0x00000000d5580000)
 Metaspace       used 39355K, capacity 41546K, committed 41728K, reserved 1087488K
  class space    used 5380K, capacity 5776K, committed 5888K, reserved 1048576K
}
Event: 19.549 GC heap before
{Heap before GC invocations=10 (full 3):
 PSYoungGen      total 153088K, used 5534K [0x00000000eab00000, 0x00000000f5580000, 0x0000000100000000)
  eden space 131584K, 4% used [0x00000000eab00000,0x00000000eb067ad0,0x00000000f2b80000)
  from space 21504K, 0% used [0x00000000f4080000,0x00000000f4080000,0x00000000f5580000)
  to   space 21504K, 0% used [0x00000000f2b80000,0x00000000f2b80000,0x00000000f4080000)
 ParOldGen       total 349696K, used 20359K [0x00000000c0000000, 0x00000000d5580000, 0x00000000eab00000)
  object space 349696K, 5% used [0x00000000c0000000,0x00000000c13e1df0,0x00000000d5580000)
 Metaspace       used 39673K, capacity 41878K, committed 41984K, reserved 1095680K
  class space    used 5436K, capacity 5842K, committed 5888K, reserved 1048576K

